The system is: Linux - 3.19.0-56-generic - x86_64
Compiling the C compiler identification source file "CMakeCCompilerId.c" succeeded.
Compiler: /usr/bin/gcc 
Build flags: ;-msse3;-Wno-unused-local-typedefs
Id flags: 

The output was:
0


Compilation of the C compiler identification source "CMakeCCompilerId.c" produced "a.out"

The C compiler identification is GNU, found in "/home/daniel/software/kratos/cmake_build/CMakeFiles/2.8.12.2/CompilerIdC/a.out"

Compiling the CXX compiler identification source file "CMakeCXXCompilerId.cpp" succeeded.
Compiler: /usr/bin/g++ 
Build flags: ;-msse3;-Wno-unused-local-typedefs
Id flags: 

The output was:
0


Compilation of the CXX compiler identification source "CMakeCXXCompilerId.cpp" produced "a.out"

The CXX compiler identification is GNU, found in "/home/daniel/software/kratos/cmake_build/CMakeFiles/2.8.12.2/CompilerIdCXX/a.out"

Determining if the C compiler works passed with the following output:
Change Dir: /home/daniel/software/kratos/cmake_build/CMakeFiles/CMakeTmp

Run Build Command:/usr/bin/make "cmTryCompileExec2786383578/fast"
/usr/bin/make -f CMakeFiles/cmTryCompileExec2786383578.dir/build.make CMakeFiles/cmTryCompileExec2786383578.dir/build
make[1]: Entering directory `/home/daniel/software/kratos/cmake_build/CMakeFiles/CMakeTmp'
/usr/bin/cmake -E cmake_progress_report /home/daniel/software/kratos/cmake_build/CMakeFiles/CMakeTmp/CMakeFiles 1
Building C object CMakeFiles/cmTryCompileExec2786383578.dir/testCCompiler.c.o
/usr/bin/gcc   -msse3 -Wno-unused-local-typedefs    -o CMakeFiles/cmTryCompileExec2786383578.dir/testCCompiler.c.o   -c /home/daniel/software/kratos/cmake_build/CMakeFiles/CMakeTmp/testCCompiler.c
Linking C executable cmTryCompileExec2786383578
/usr/bin/cmake -E cmake_link_script CMakeFiles/cmTryCompileExec2786383578.dir/link.txt --verbose=1
/usr/bin/gcc   -msse3 -Wno-unused-local-typedefs     CMakeFiles/cmTryCompileExec2786383578.dir/testCCompiler.c.o  -o cmTryCompileExec2786383578 -rdynamic 
make[1]: Leaving directory `/home/daniel/software/kratos/cmake_build/CMakeFiles/CMakeTmp'


Detecting C compiler ABI info compiled with the following output:
Change Dir: /home/daniel/software/kratos/cmake_build/CMakeFiles/CMakeTmp

Run Build Command:/usr/bin/make "cmTryCompileExec3155835817/fast"
/usr/bin/make -f CMakeFiles/cmTryCompileExec3155835817.dir/build.make CMakeFiles/cmTryCompileExec3155835817.dir/build
make[1]: Entering directory `/home/daniel/software/kratos/cmake_build/CMakeFiles/CMakeTmp'
/usr/bin/cmake -E cmake_progress_report /home/daniel/software/kratos/cmake_build/CMakeFiles/CMakeTmp/CMakeFiles 1
Building C object CMakeFiles/cmTryCompileExec3155835817.dir/CMakeCCompilerABI.c.o
/usr/bin/gcc   -msse3 -Wno-unused-local-typedefs    -o CMakeFiles/cmTryCompileExec3155835817.dir/CMakeCCompilerABI.c.o   -c /usr/share/cmake-2.8/Modules/CMakeCCompilerABI.c
Linking C executable cmTryCompileExec3155835817
/usr/bin/cmake -E cmake_link_script CMakeFiles/cmTryCompileExec3155835817.dir/link.txt --verbose=1
/usr/bin/gcc   -msse3 -Wno-unused-local-typedefs   -v CMakeFiles/cmTryCompileExec3155835817.dir/CMakeCCompilerABI.c.o  -o cmTryCompileExec3155835817 -rdynamic  
Using built-in specs.
COLLECT_GCC=/usr/bin/gcc
COLLECT_LTO_WRAPPER=/usr/lib/gcc/x86_64-linux-gnu/4.8/lto-wrapper
Target: x86_64-linux-gnu
Configured with: ../src/configure -v --with-pkgversion='Ubuntu 4.8.4-2ubuntu1~14.04.1' --with-bugurl=file:///usr/share/doc/gcc-4.8/README.Bugs --enable-languages=c,c++,java,go,d,fortran,objc,obj-c++ --prefix=/usr --program-suffix=-4.8 --enable-shared --enable-linker-build-id --libexecdir=/usr/lib --without-included-gettext --enable-threads=posix --with-gxx-include-dir=/usr/include/c++/4.8 --libdir=/usr/lib --enable-nls --with-sysroot=/ --enable-clocale=gnu --enable-libstdcxx-debug --enable-libstdcxx-time=yes --enable-gnu-unique-object --disable-libmudflap --enable-plugin --with-system-zlib --disable-browser-plugin --enable-java-awt=gtk --enable-gtk-cairo --with-java-home=/usr/lib/jvm/java-1.5.0-gcj-4.8-amd64/jre --enable-java-home --with-jvm-root-dir=/usr/lib/jvm/java-1.5.0-gcj-4.8-amd64 --with-jvm-jar-dir=/usr/lib/jvm-exports/java-1.5.0-gcj-4.8-amd64 --with-arch-directory=amd64 --with-ecj-jar=/usr/share/java/eclipse-ecj.jar --enable-objc-gc --enable-multiarch --disable-werror --with-arch-32=i686 --with-abi=m64 --with-multilib-list=m32,m64,mx32 --with-tune=generic --enable-checking=release --build=x86_64-linux-gnu --host=x86_64-linux-gnu --target=x86_64-linux-gnu
Thread model: posix
gcc version 4.8.4 (Ubuntu 4.8.4-2ubuntu1~14.04.1) 
COMPILER_PATH=/usr/lib/gcc/x86_64-linux-gnu/4.8/:/usr/lib/gcc/x86_64-linux-gnu/4.8/:/usr/lib/gcc/x86_64-linux-gnu/:/usr/lib/gcc/x86_64-linux-gnu/4.8/:/usr/lib/gcc/x86_64-linux-gnu/
LIBRARY_PATH=/usr/lib/gcc/x86_64-linux-gnu/4.8/:/usr/lib/gcc/x86_64-linux-gnu/4.8/../../../x86_64-linux-gnu/:/usr/lib/gcc/x86_64-linux-gnu/4.8/../../../../lib/:/lib/x86_64-linux-gnu/:/lib/../lib/:/usr/lib/x86_64-linux-gnu/:/usr/lib/../lib/:/usr/lib/gcc/x86_64-linux-gnu/4.8/../../../:/lib/:/usr/lib/
COLLECT_GCC_OPTIONS='-msse3' '-Wno-unused-local-typedefs' '-v' '-o' 'cmTryCompileExec3155835817' '-rdynamic' '-mtune=generic' '-march=x86-64'
 /usr/lib/gcc/x86_64-linux-gnu/4.8/collect2 --sysroot=/ --build-id --eh-frame-hdr -m elf_x86_64 --hash-style=gnu --as-needed -export-dynamic -dynamic-linker /lib64/ld-linux-x86-64.so.2 -z relro -o cmTryCompileExec3155835817 /usr/lib/gcc/x86_64-linux-gnu/4.8/../../../x86_64-linux-gnu/crt1.o /usr/lib/gcc/x86_64-linux-gnu/4.8/../../../x86_64-linux-gnu/crti.o /usr/lib/gcc/x86_64-linux-gnu/4.8/crtbegin.o -L/usr/lib/gcc/x86_64-linux-gnu/4.8 -L/usr/lib/gcc/x86_64-linux-gnu/4.8/../../../x86_64-linux-gnu -L/usr/lib/gcc/x86_64-linux-gnu/4.8/../../../../lib -L/lib/x86_64-linux-gnu -L/lib/../lib -L/usr/lib/x86_64-linux-gnu -L/usr/lib/../lib -L/usr/lib/gcc/x86_64-linux-gnu/4.8/../../.. CMakeFiles/cmTryCompileExec3155835817.dir/CMakeCCompilerABI.c.o -lgcc --as-needed -lgcc_s --no-as-needed -lc -lgcc --as-needed -lgcc_s --no-as-needed /usr/lib/gcc/x86_64-linux-gnu/4.8/crtend.o /usr/lib/gcc/x86_64-linux-gnu/4.8/../../../x86_64-linux-gnu/crtn.o
make[1]: Leaving directory `/home/daniel/software/kratos/cmake_build/CMakeFiles/CMakeTmp'


Parsed C implicit link information from above output:
  link line regex: [^( *|.*[/\])(ld|([^/\]+-)?ld|collect2)[^/\]*( |$)]
  ignore line: [Change Dir: /home/daniel/software/kratos/cmake_build/CMakeFiles/CMakeTmp]
  ignore line: []
  ignore line: [Run Build Command:/usr/bin/make "cmTryCompileExec3155835817/fast"]
  ignore line: [/usr/bin/make -f CMakeFiles/cmTryCompileExec3155835817.dir/build.make CMakeFiles/cmTryCompileExec3155835817.dir/build]
  ignore line: [make[1]: Entering directory `/home/daniel/software/kratos/cmake_build/CMakeFiles/CMakeTmp']
  ignore line: [/usr/bin/cmake -E cmake_progress_report /home/daniel/software/kratos/cmake_build/CMakeFiles/CMakeTmp/CMakeFiles 1]
  ignore line: [Building C object CMakeFiles/cmTryCompileExec3155835817.dir/CMakeCCompilerABI.c.o]
  ignore line: [/usr/bin/gcc   -msse3 -Wno-unused-local-typedefs    -o CMakeFiles/cmTryCompileExec3155835817.dir/CMakeCCompilerABI.c.o   -c /usr/share/cmake-2.8/Modules/CMakeCCompilerABI.c]
  ignore line: [Linking C executable cmTryCompileExec3155835817]
  ignore line: [/usr/bin/cmake -E cmake_link_script CMakeFiles/cmTryCompileExec3155835817.dir/link.txt --verbose=1]
  ignore line: [/usr/bin/gcc   -msse3 -Wno-unused-local-typedefs   -v CMakeFiles/cmTryCompileExec3155835817.dir/CMakeCCompilerABI.c.o  -o cmTryCompileExec3155835817 -rdynamic  ]
  ignore line: [Using built-in specs.]
  ignore line: [COLLECT_GCC=/usr/bin/gcc]
  ignore line: [COLLECT_LTO_WRAPPER=/usr/lib/gcc/x86_64-linux-gnu/4.8/lto-wrapper]
  ignore line: [Target: x86_64-linux-gnu]
  ignore line: [Configured with: ../src/configure -v --with-pkgversion='Ubuntu 4.8.4-2ubuntu1~14.04.1' --with-bugurl=file:///usr/share/doc/gcc-4.8/README.Bugs --enable-languages=c,c++,java,go,d,fortran,objc,obj-c++ --prefix=/usr --program-suffix=-4.8 --enable-shared --enable-linker-build-id --libexecdir=/usr/lib --without-included-gettext --enable-threads=posix --with-gxx-include-dir=/usr/include/c++/4.8 --libdir=/usr/lib --enable-nls --with-sysroot=/ --enable-clocale=gnu --enable-libstdcxx-debug --enable-libstdcxx-time=yes --enable-gnu-unique-object --disable-libmudflap --enable-plugin --with-system-zlib --disable-browser-plugin --enable-java-awt=gtk --enable-gtk-cairo --with-java-home=/usr/lib/jvm/java-1.5.0-gcj-4.8-amd64/jre --enable-java-home --with-jvm-root-dir=/usr/lib/jvm/java-1.5.0-gcj-4.8-amd64 --with-jvm-jar-dir=/usr/lib/jvm-exports/java-1.5.0-gcj-4.8-amd64 --with-arch-directory=amd64 --with-ecj-jar=/usr/share/java/eclipse-ecj.jar --enable-objc-gc --enable-multiarch --disable-werror --with-arch-32=i686 --with-abi=m64 --with-multilib-list=m32,m64,mx32 --with-tune=generic --enable-checking=release --build=x86_64-linux-gnu --host=x86_64-linux-gnu --target=x86_64-linux-gnu]
  ignore line: [Thread model: posix]
  ignore line: [gcc version 4.8.4 (Ubuntu 4.8.4-2ubuntu1~14.04.1) ]
  ignore line: [COMPILER_PATH=/usr/lib/gcc/x86_64-linux-gnu/4.8/:/usr/lib/gcc/x86_64-linux-gnu/4.8/:/usr/lib/gcc/x86_64-linux-gnu/:/usr/lib/gcc/x86_64-linux-gnu/4.8/:/usr/lib/gcc/x86_64-linux-gnu/]
  ignore line: [LIBRARY_PATH=/usr/lib/gcc/x86_64-linux-gnu/4.8/:/usr/lib/gcc/x86_64-linux-gnu/4.8/../../../x86_64-linux-gnu/:/usr/lib/gcc/x86_64-linux-gnu/4.8/../../../../lib/:/lib/x86_64-linux-gnu/:/lib/../lib/:/usr/lib/x86_64-linux-gnu/:/usr/lib/../lib/:/usr/lib/gcc/x86_64-linux-gnu/4.8/../../../:/lib/:/usr/lib/]
  ignore line: [COLLECT_GCC_OPTIONS='-msse3' '-Wno-unused-local-typedefs' '-v' '-o' 'cmTryCompileExec3155835817' '-rdynamic' '-mtune=generic' '-march=x86-64']
  link line: [ /usr/lib/gcc/x86_64-linux-gnu/4.8/collect2 --sysroot=/ --build-id --eh-frame-hdr -m elf_x86_64 --hash-style=gnu --as-needed -export-dynamic -dynamic-linker /lib64/ld-linux-x86-64.so.2 -z relro -o cmTryCompileExec3155835817 /usr/lib/gcc/x86_64-linux-gnu/4.8/../../../x86_64-linux-gnu/crt1.o /usr/lib/gcc/x86_64-linux-gnu/4.8/../../../x86_64-linux-gnu/crti.o /usr/lib/gcc/x86_64-linux-gnu/4.8/crtbegin.o -L/usr/lib/gcc/x86_64-linux-gnu/4.8 -L/usr/lib/gcc/x86_64-linux-gnu/4.8/../../../x86_64-linux-gnu -L/usr/lib/gcc/x86_64-linux-gnu/4.8/../../../../lib -L/lib/x86_64-linux-gnu -L/lib/../lib -L/usr/lib/x86_64-linux-gnu -L/usr/lib/../lib -L/usr/lib/gcc/x86_64-linux-gnu/4.8/../../.. CMakeFiles/cmTryCompileExec3155835817.dir/CMakeCCompilerABI.c.o -lgcc --as-needed -lgcc_s --no-as-needed -lc -lgcc --as-needed -lgcc_s --no-as-needed /usr/lib/gcc/x86_64-linux-gnu/4.8/crtend.o /usr/lib/gcc/x86_64-linux-gnu/4.8/../../../x86_64-linux-gnu/crtn.o]
    arg [/usr/lib/gcc/x86_64-linux-gnu/4.8/collect2] ==> ignore
    arg [--sysroot=/] ==> ignore
    arg [--build-id] ==> ignore
    arg [--eh-frame-hdr] ==> ignore
    arg [-m] ==> ignore
    arg [elf_x86_64] ==> ignore
    arg [--hash-style=gnu] ==> ignore
    arg [--as-needed] ==> ignore
    arg [-export-dynamic] ==> ignore
    arg [-dynamic-linker] ==> ignore
    arg [/lib64/ld-linux-x86-64.so.2] ==> ignore
    arg [-zrelro] ==> ignore
    arg [-o] ==> ignore
    arg [cmTryCompileExec3155835817] ==> ignore
    arg [/usr/lib/gcc/x86_64-linux-gnu/4.8/../../../x86_64-linux-gnu/crt1.o] ==> ignore
    arg [/usr/lib/gcc/x86_64-linux-gnu/4.8/../../../x86_64-linux-gnu/crti.o] ==> ignore
    arg [/usr/lib/gcc/x86_64-linux-gnu/4.8/crtbegin.o] ==> ignore
    arg [-L/usr/lib/gcc/x86_64-linux-gnu/4.8] ==> dir [/usr/lib/gcc/x86_64-linux-gnu/4.8]
    arg [-L/usr/lib/gcc/x86_64-linux-gnu/4.8/../../../x86_64-linux-gnu] ==> dir [/usr/lib/gcc/x86_64-linux-gnu/4.8/../../../x86_64-linux-gnu]
    arg [-L/usr/lib/gcc/x86_64-linux-gnu/4.8/../../../../lib] ==> dir [/usr/lib/gcc/x86_64-linux-gnu/4.8/../../../../lib]
    arg [-L/lib/x86_64-linux-gnu] ==> dir [/lib/x86_64-linux-gnu]
    arg [-L/lib/../lib] ==> dir [/lib/../lib]
    arg [-L/usr/lib/x86_64-linux-gnu] ==> dir [/usr/lib/x86_64-linux-gnu]
    arg [-L/usr/lib/../lib] ==> dir [/usr/lib/../lib]
    arg [-L/usr/lib/gcc/x86_64-linux-gnu/4.8/../../..] ==> dir [/usr/lib/gcc/x86_64-linux-gnu/4.8/../../..]
    arg [CMakeFiles/cmTryCompileExec3155835817.dir/CMakeCCompilerABI.c.o] ==> ignore
    arg [-lgcc] ==> lib [gcc]
    arg [--as-needed] ==> ignore
    arg [-lgcc_s] ==> lib [gcc_s]
    arg [--no-as-needed] ==> ignore
    arg [-lc] ==> lib [c]
    arg [-lgcc] ==> lib [gcc]
    arg [--as-needed] ==> ignore
    arg [-lgcc_s] ==> lib [gcc_s]
    arg [--no-as-needed] ==> ignore
    arg [/usr/lib/gcc/x86_64-linux-gnu/4.8/crtend.o] ==> ignore
    arg [/usr/lib/gcc/x86_64-linux-gnu/4.8/../../../x86_64-linux-gnu/crtn.o] ==> ignore
  remove lib [gcc]
  remove lib [gcc_s]
  remove lib [gcc]
  remove lib [gcc_s]
  collapse library dir [/usr/lib/gcc/x86_64-linux-gnu/4.8] ==> [/usr/lib/gcc/x86_64-linux-gnu/4.8]
  collapse library dir [/usr/lib/gcc/x86_64-linux-gnu/4.8/../../../x86_64-linux-gnu] ==> [/usr/lib/x86_64-linux-gnu]
  collapse library dir [/usr/lib/gcc/x86_64-linux-gnu/4.8/../../../../lib] ==> [/usr/lib]
  collapse library dir [/lib/x86_64-linux-gnu] ==> [/lib/x86_64-linux-gnu]
  collapse library dir [/lib/../lib] ==> [/lib]
  collapse library dir [/usr/lib/x86_64-linux-gnu] ==> [/usr/lib/x86_64-linux-gnu]
  collapse library dir [/usr/lib/../lib] ==> [/usr/lib]
  collapse library dir [/usr/lib/gcc/x86_64-linux-gnu/4.8/../../..] ==> [/usr/lib]
  implicit libs: [c]
  implicit dirs: [/usr/lib/gcc/x86_64-linux-gnu/4.8;/usr/lib/x86_64-linux-gnu;/usr/lib;/lib/x86_64-linux-gnu;/lib]
  implicit fwks: []


Determining if the CXX compiler works passed with the following output:
Change Dir: /home/daniel/software/kratos/cmake_build/CMakeFiles/CMakeTmp

Run Build Command:/usr/bin/make "cmTryCompileExec3996877888/fast"
/usr/bin/make -f CMakeFiles/cmTryCompileExec3996877888.dir/build.make CMakeFiles/cmTryCompileExec3996877888.dir/build
make[1]: Entering directory `/home/daniel/software/kratos/cmake_build/CMakeFiles/CMakeTmp'
/usr/bin/cmake -E cmake_progress_report /home/daniel/software/kratos/cmake_build/CMakeFiles/CMakeTmp/CMakeFiles 1
Building CXX object CMakeFiles/cmTryCompileExec3996877888.dir/testCXXCompiler.cxx.o
/usr/bin/g++    -msse3 -Wno-unused-local-typedefs    -o CMakeFiles/cmTryCompileExec3996877888.dir/testCXXCompiler.cxx.o -c /home/daniel/software/kratos/cmake_build/CMakeFiles/CMakeTmp/testCXXCompiler.cxx
Linking CXX executable cmTryCompileExec3996877888
/usr/bin/cmake -E cmake_link_script CMakeFiles/cmTryCompileExec3996877888.dir/link.txt --verbose=1
/usr/bin/g++    -msse3 -Wno-unused-local-typedefs     CMakeFiles/cmTryCompileExec3996877888.dir/testCXXCompiler.cxx.o  -o cmTryCompileExec3996877888 -rdynamic 
make[1]: Leaving directory `/home/daniel/software/kratos/cmake_build/CMakeFiles/CMakeTmp'


Detecting CXX compiler ABI info compiled with the following output:
Change Dir: /home/daniel/software/kratos/cmake_build/CMakeFiles/CMakeTmp

Run Build Command:/usr/bin/make "cmTryCompileExec2005958903/fast"
/usr/bin/make -f CMakeFiles/cmTryCompileExec2005958903.dir/build.make CMakeFiles/cmTryCompileExec2005958903.dir/build
make[1]: Entering directory `/home/daniel/software/kratos/cmake_build/CMakeFiles/CMakeTmp'
/usr/bin/cmake -E cmake_progress_report /home/daniel/software/kratos/cmake_build/CMakeFiles/CMakeTmp/CMakeFiles 1
Building CXX object CMakeFiles/cmTryCompileExec2005958903.dir/CMakeCXXCompilerABI.cpp.o
/usr/bin/g++    -msse3 -Wno-unused-local-typedefs    -o CMakeFiles/cmTryCompileExec2005958903.dir/CMakeCXXCompilerABI.cpp.o -c /usr/share/cmake-2.8/Modules/CMakeCXXCompilerABI.cpp
Linking CXX executable cmTryCompileExec2005958903
/usr/bin/cmake -E cmake_link_script CMakeFiles/cmTryCompileExec2005958903.dir/link.txt --verbose=1
/usr/bin/g++    -msse3 -Wno-unused-local-typedefs   -v CMakeFiles/cmTryCompileExec2005958903.dir/CMakeCXXCompilerABI.cpp.o  -o cmTryCompileExec2005958903 -rdynamic  
Using built-in specs.
COLLECT_GCC=/usr/bin/g++
COLLECT_LTO_WRAPPER=/usr/lib/gcc/x86_64-linux-gnu/4.8/lto-wrapper
Target: x86_64-linux-gnu
Configured with: ../src/configure -v --with-pkgversion='Ubuntu 4.8.4-2ubuntu1~14.04.1' --with-bugurl=file:///usr/share/doc/gcc-4.8/README.Bugs --enable-languages=c,c++,java,go,d,fortran,objc,obj-c++ --prefix=/usr --program-suffix=-4.8 --enable-shared --enable-linker-build-id --libexecdir=/usr/lib --without-included-gettext --enable-threads=posix --with-gxx-include-dir=/usr/include/c++/4.8 --libdir=/usr/lib --enable-nls --with-sysroot=/ --enable-clocale=gnu --enable-libstdcxx-debug --enable-libstdcxx-time=yes --enable-gnu-unique-object --disable-libmudflap --enable-plugin --with-system-zlib --disable-browser-plugin --enable-java-awt=gtk --enable-gtk-cairo --with-java-home=/usr/lib/jvm/java-1.5.0-gcj-4.8-amd64/jre --enable-java-home --with-jvm-root-dir=/usr/lib/jvm/java-1.5.0-gcj-4.8-amd64 --with-jvm-jar-dir=/usr/lib/jvm-exports/java-1.5.0-gcj-4.8-amd64 --with-arch-directory=amd64 --with-ecj-jar=/usr/share/java/eclipse-ecj.jar --enable-objc-gc --enable-multiarch --disable-werror --with-arch-32=i686 --with-abi=m64 --with-multilib-list=m32,m64,mx32 --with-tune=generic --enable-checking=release --build=x86_64-linux-gnu --host=x86_64-linux-gnu --target=x86_64-linux-gnu
Thread model: posix
gcc version 4.8.4 (Ubuntu 4.8.4-2ubuntu1~14.04.1) 
COMPILER_PATH=/usr/lib/gcc/x86_64-linux-gnu/4.8/:/usr/lib/gcc/x86_64-linux-gnu/4.8/:/usr/lib/gcc/x86_64-linux-gnu/:/usr/lib/gcc/x86_64-linux-gnu/4.8/:/usr/lib/gcc/x86_64-linux-gnu/
LIBRARY_PATH=/usr/lib/gcc/x86_64-linux-gnu/4.8/:/usr/lib/gcc/x86_64-linux-gnu/4.8/../../../x86_64-linux-gnu/:/usr/lib/gcc/x86_64-linux-gnu/4.8/../../../../lib/:/lib/x86_64-linux-gnu/:/lib/../lib/:/usr/lib/x86_64-linux-gnu/:/usr/lib/../lib/:/usr/lib/gcc/x86_64-linux-gnu/4.8/../../../:/lib/:/usr/lib/
COLLECT_GCC_OPTIONS='-msse3' '-Wno-unused-local-typedefs' '-v' '-o' 'cmTryCompileExec2005958903' '-rdynamic' '-shared-libgcc' '-mtune=generic' '-march=x86-64'
 /usr/lib/gcc/x86_64-linux-gnu/4.8/collect2 --sysroot=/ --build-id --eh-frame-hdr -m elf_x86_64 --hash-style=gnu --as-needed -export-dynamic -dynamic-linker /lib64/ld-linux-x86-64.so.2 -z relro -o cmTryCompileExec2005958903 /usr/lib/gcc/x86_64-linux-gnu/4.8/../../../x86_64-linux-gnu/crt1.o /usr/lib/gcc/x86_64-linux-gnu/4.8/../../../x86_64-linux-gnu/crti.o /usr/lib/gcc/x86_64-linux-gnu/4.8/crtbegin.o -L/usr/lib/gcc/x86_64-linux-gnu/4.8 -L/usr/lib/gcc/x86_64-linux-gnu/4.8/../../../x86_64-linux-gnu -L/usr/lib/gcc/x86_64-linux-gnu/4.8/../../../../lib -L/lib/x86_64-linux-gnu -L/lib/../lib -L/usr/lib/x86_64-linux-gnu -L/usr/lib/../lib -L/usr/lib/gcc/x86_64-linux-gnu/4.8/../../.. CMakeFiles/cmTryCompileExec2005958903.dir/CMakeCXXCompilerABI.cpp.o -lstdc++ -lm -lgcc_s -lgcc -lc -lgcc_s -lgcc /usr/lib/gcc/x86_64-linux-gnu/4.8/crtend.o /usr/lib/gcc/x86_64-linux-gnu/4.8/../../../x86_64-linux-gnu/crtn.o
make[1]: Leaving directory `/home/daniel/software/kratos/cmake_build/CMakeFiles/CMakeTmp'


Parsed CXX implicit link information from above output:
  link line regex: [^( *|.*[/\])(ld|([^/\]+-)?ld|collect2)[^/\]*( |$)]
  ignore line: [Change Dir: /home/daniel/software/kratos/cmake_build/CMakeFiles/CMakeTmp]
  ignore line: []
  ignore line: [Run Build Command:/usr/bin/make "cmTryCompileExec2005958903/fast"]
  ignore line: [/usr/bin/make -f CMakeFiles/cmTryCompileExec2005958903.dir/build.make CMakeFiles/cmTryCompileExec2005958903.dir/build]
  ignore line: [make[1]: Entering directory `/home/daniel/software/kratos/cmake_build/CMakeFiles/CMakeTmp']
  ignore line: [/usr/bin/cmake -E cmake_progress_report /home/daniel/software/kratos/cmake_build/CMakeFiles/CMakeTmp/CMakeFiles 1]
  ignore line: [Building CXX object CMakeFiles/cmTryCompileExec2005958903.dir/CMakeCXXCompilerABI.cpp.o]
  ignore line: [/usr/bin/g++    -msse3 -Wno-unused-local-typedefs    -o CMakeFiles/cmTryCompileExec2005958903.dir/CMakeCXXCompilerABI.cpp.o -c /usr/share/cmake-2.8/Modules/CMakeCXXCompilerABI.cpp]
  ignore line: [Linking CXX executable cmTryCompileExec2005958903]
  ignore line: [/usr/bin/cmake -E cmake_link_script CMakeFiles/cmTryCompileExec2005958903.dir/link.txt --verbose=1]
  ignore line: [/usr/bin/g++    -msse3 -Wno-unused-local-typedefs   -v CMakeFiles/cmTryCompileExec2005958903.dir/CMakeCXXCompilerABI.cpp.o  -o cmTryCompileExec2005958903 -rdynamic  ]
  ignore line: [Using built-in specs.]
  ignore line: [COLLECT_GCC=/usr/bin/g++]
  ignore line: [COLLECT_LTO_WRAPPER=/usr/lib/gcc/x86_64-linux-gnu/4.8/lto-wrapper]
  ignore line: [Target: x86_64-linux-gnu]
  ignore line: [Configured with: ../src/configure -v --with-pkgversion='Ubuntu 4.8.4-2ubuntu1~14.04.1' --with-bugurl=file:///usr/share/doc/gcc-4.8/README.Bugs --enable-languages=c,c++,java,go,d,fortran,objc,obj-c++ --prefix=/usr --program-suffix=-4.8 --enable-shared --enable-linker-build-id --libexecdir=/usr/lib --without-included-gettext --enable-threads=posix --with-gxx-include-dir=/usr/include/c++/4.8 --libdir=/usr/lib --enable-nls --with-sysroot=/ --enable-clocale=gnu --enable-libstdcxx-debug --enable-libstdcxx-time=yes --enable-gnu-unique-object --disable-libmudflap --enable-plugin --with-system-zlib --disable-browser-plugin --enable-java-awt=gtk --enable-gtk-cairo --with-java-home=/usr/lib/jvm/java-1.5.0-gcj-4.8-amd64/jre --enable-java-home --with-jvm-root-dir=/usr/lib/jvm/java-1.5.0-gcj-4.8-amd64 --with-jvm-jar-dir=/usr/lib/jvm-exports/java-1.5.0-gcj-4.8-amd64 --with-arch-directory=amd64 --with-ecj-jar=/usr/share/java/eclipse-ecj.jar --enable-objc-gc --enable-multiarch --disable-werror --with-arch-32=i686 --with-abi=m64 --with-multilib-list=m32,m64,mx32 --with-tune=generic --enable-checking=release --build=x86_64-linux-gnu --host=x86_64-linux-gnu --target=x86_64-linux-gnu]
  ignore line: [Thread model: posix]
  ignore line: [gcc version 4.8.4 (Ubuntu 4.8.4-2ubuntu1~14.04.1) ]
  ignore line: [COMPILER_PATH=/usr/lib/gcc/x86_64-linux-gnu/4.8/:/usr/lib/gcc/x86_64-linux-gnu/4.8/:/usr/lib/gcc/x86_64-linux-gnu/:/usr/lib/gcc/x86_64-linux-gnu/4.8/:/usr/lib/gcc/x86_64-linux-gnu/]
  ignore line: [LIBRARY_PATH=/usr/lib/gcc/x86_64-linux-gnu/4.8/:/usr/lib/gcc/x86_64-linux-gnu/4.8/../../../x86_64-linux-gnu/:/usr/lib/gcc/x86_64-linux-gnu/4.8/../../../../lib/:/lib/x86_64-linux-gnu/:/lib/../lib/:/usr/lib/x86_64-linux-gnu/:/usr/lib/../lib/:/usr/lib/gcc/x86_64-linux-gnu/4.8/../../../:/lib/:/usr/lib/]
  ignore line: [COLLECT_GCC_OPTIONS='-msse3' '-Wno-unused-local-typedefs' '-v' '-o' 'cmTryCompileExec2005958903' '-rdynamic' '-shared-libgcc' '-mtune=generic' '-march=x86-64']
  link line: [ /usr/lib/gcc/x86_64-linux-gnu/4.8/collect2 --sysroot=/ --build-id --eh-frame-hdr -m elf_x86_64 --hash-style=gnu --as-needed -export-dynamic -dynamic-linker /lib64/ld-linux-x86-64.so.2 -z relro -o cmTryCompileExec2005958903 /usr/lib/gcc/x86_64-linux-gnu/4.8/../../../x86_64-linux-gnu/crt1.o /usr/lib/gcc/x86_64-linux-gnu/4.8/../../../x86_64-linux-gnu/crti.o /usr/lib/gcc/x86_64-linux-gnu/4.8/crtbegin.o -L/usr/lib/gcc/x86_64-linux-gnu/4.8 -L/usr/lib/gcc/x86_64-linux-gnu/4.8/../../../x86_64-linux-gnu -L/usr/lib/gcc/x86_64-linux-gnu/4.8/../../../../lib -L/lib/x86_64-linux-gnu -L/lib/../lib -L/usr/lib/x86_64-linux-gnu -L/usr/lib/../lib -L/usr/lib/gcc/x86_64-linux-gnu/4.8/../../.. CMakeFiles/cmTryCompileExec2005958903.dir/CMakeCXXCompilerABI.cpp.o -lstdc++ -lm -lgcc_s -lgcc -lc -lgcc_s -lgcc /usr/lib/gcc/x86_64-linux-gnu/4.8/crtend.o /usr/lib/gcc/x86_64-linux-gnu/4.8/../../../x86_64-linux-gnu/crtn.o]
    arg [/usr/lib/gcc/x86_64-linux-gnu/4.8/collect2] ==> ignore
    arg [--sysroot=/] ==> ignore
    arg [--build-id] ==> ignore
    arg [--eh-frame-hdr] ==> ignore
    arg [-m] ==> ignore
    arg [elf_x86_64] ==> ignore
    arg [--hash-style=gnu] ==> ignore
    arg [--as-needed] ==> ignore
    arg [-export-dynamic] ==> ignore
    arg [-dynamic-linker] ==> ignore
    arg [/lib64/ld-linux-x86-64.so.2] ==> ignore
    arg [-zrelro] ==> ignore
    arg [-o] ==> ignore
    arg [cmTryCompileExec2005958903] ==> ignore
    arg [/usr/lib/gcc/x86_64-linux-gnu/4.8/../../../x86_64-linux-gnu/crt1.o] ==> ignore
    arg [/usr/lib/gcc/x86_64-linux-gnu/4.8/../../../x86_64-linux-gnu/crti.o] ==> ignore
    arg [/usr/lib/gcc/x86_64-linux-gnu/4.8/crtbegin.o] ==> ignore
    arg [-L/usr/lib/gcc/x86_64-linux-gnu/4.8] ==> dir [/usr/lib/gcc/x86_64-linux-gnu/4.8]
    arg [-L/usr/lib/gcc/x86_64-linux-gnu/4.8/../../../x86_64-linux-gnu] ==> dir [/usr/lib/gcc/x86_64-linux-gnu/4.8/../../../x86_64-linux-gnu]
    arg [-L/usr/lib/gcc/x86_64-linux-gnu/4.8/../../../../lib] ==> dir [/usr/lib/gcc/x86_64-linux-gnu/4.8/../../../../lib]
    arg [-L/lib/x86_64-linux-gnu] ==> dir [/lib/x86_64-linux-gnu]
    arg [-L/lib/../lib] ==> dir [/lib/../lib]
    arg [-L/usr/lib/x86_64-linux-gnu] ==> dir [/usr/lib/x86_64-linux-gnu]
    arg [-L/usr/lib/../lib] ==> dir [/usr/lib/../lib]
    arg [-L/usr/lib/gcc/x86_64-linux-gnu/4.8/../../..] ==> dir [/usr/lib/gcc/x86_64-linux-gnu/4.8/../../..]
    arg [CMakeFiles/cmTryCompileExec2005958903.dir/CMakeCXXCompilerABI.cpp.o] ==> ignore
    arg [-lstdc++] ==> lib [stdc++]
    arg [-lm] ==> lib [m]
    arg [-lgcc_s] ==> lib [gcc_s]
    arg [-lgcc] ==> lib [gcc]
    arg [-lc] ==> lib [c]
    arg [-lgcc_s] ==> lib [gcc_s]
    arg [-lgcc] ==> lib [gcc]
    arg [/usr/lib/gcc/x86_64-linux-gnu/4.8/crtend.o] ==> ignore
    arg [/usr/lib/gcc/x86_64-linux-gnu/4.8/../../../x86_64-linux-gnu/crtn.o] ==> ignore
  remove lib [gcc_s]
  remove lib [gcc]
  remove lib [gcc_s]
  remove lib [gcc]
  collapse library dir [/usr/lib/gcc/x86_64-linux-gnu/4.8] ==> [/usr/lib/gcc/x86_64-linux-gnu/4.8]
  collapse library dir [/usr/lib/gcc/x86_64-linux-gnu/4.8/../../../x86_64-linux-gnu] ==> [/usr/lib/x86_64-linux-gnu]
  collapse library dir [/usr/lib/gcc/x86_64-linux-gnu/4.8/../../../../lib] ==> [/usr/lib]
  collapse library dir [/lib/x86_64-linux-gnu] ==> [/lib/x86_64-linux-gnu]
  collapse library dir [/lib/../lib] ==> [/lib]
  collapse library dir [/usr/lib/x86_64-linux-gnu] ==> [/usr/lib/x86_64-linux-gnu]
  collapse library dir [/usr/lib/../lib] ==> [/usr/lib]
  collapse library dir [/usr/lib/gcc/x86_64-linux-gnu/4.8/../../..] ==> [/usr/lib]
  implicit libs: [stdc++;m;c]
  implicit dirs: [/usr/lib/gcc/x86_64-linux-gnu/4.8;/usr/lib/x86_64-linux-gnu;/usr/lib;/lib/x86_64-linux-gnu;/lib]
  implicit fwks: []


Performing C SOURCE FILE Test OpenMP_FLAG_DETECTED succeded with the following output:
Change Dir: /home/daniel/software/kratos/cmake_build/CMakeFiles/CMakeTmp

Run Build Command:/usr/bin/make "cmTryCompileExec1764801569/fast"
/usr/bin/make -f CMakeFiles/cmTryCompileExec1764801569.dir/build.make CMakeFiles/cmTryCompileExec1764801569.dir/build
make[1]: Entering directory `/home/daniel/software/kratos/cmake_build/CMakeFiles/CMakeTmp'
/usr/bin/cmake -E cmake_progress_report /home/daniel/software/kratos/cmake_build/CMakeFiles/CMakeTmp/CMakeFiles 1
Building C object CMakeFiles/cmTryCompileExec1764801569.dir/src.c.o
/usr/bin/gcc   -msse3 -Wno-unused-local-typedefs -funroll-loops -ffast-math -Wall -Wno-strict-aliasing  -DOpenMP_FLAG_DETECTED -fopenmp   -o CMakeFiles/cmTryCompileExec1764801569.dir/src.c.o   -c /home/daniel/software/kratos/cmake_build/CMakeFiles/CMakeTmp/src.c
Linking C executable cmTryCompileExec1764801569
/usr/bin/cmake -E cmake_link_script CMakeFiles/cmTryCompileExec1764801569.dir/link.txt --verbose=1
/usr/bin/gcc   -msse3 -Wno-unused-local-typedefs -funroll-loops -ffast-math -Wall -Wno-strict-aliasing  -DOpenMP_FLAG_DETECTED -fopenmp    CMakeFiles/cmTryCompileExec1764801569.dir/src.c.o  -o cmTryCompileExec1764801569 -rdynamic 
make[1]: Leaving directory `/home/daniel/software/kratos/cmake_build/CMakeFiles/CMakeTmp'

Source file was:

#include <omp.h>
int main() {
#ifdef _OPENMP
  return 0;
#else
  breaks_on_purpose
#endif
}

Performing C++ SOURCE FILE Test OpenMP_FLAG_DETECTED succeded with the following output:
Change Dir: /home/daniel/software/kratos/cmake_build/CMakeFiles/CMakeTmp

Run Build Command:/usr/bin/make "cmTryCompileExec4111431507/fast"
/usr/bin/make -f CMakeFiles/cmTryCompileExec4111431507.dir/build.make CMakeFiles/cmTryCompileExec4111431507.dir/build
make[1]: Entering directory `/home/daniel/software/kratos/cmake_build/CMakeFiles/CMakeTmp'
/usr/bin/cmake -E cmake_progress_report /home/daniel/software/kratos/cmake_build/CMakeFiles/CMakeTmp/CMakeFiles 1
Building CXX object CMakeFiles/cmTryCompileExec4111431507.dir/src.cxx.o
/usr/bin/g++    -msse3 -Wno-unused-local-typedefs -funroll-loops -ffast-math -Wall -Wno-strict-aliasing   -DOpenMP_FLAG_DETECTED -fopenmp   -o CMakeFiles/cmTryCompileExec4111431507.dir/src.cxx.o -c /home/daniel/software/kratos/cmake_build/CMakeFiles/CMakeTmp/src.cxx
Linking CXX executable cmTryCompileExec4111431507
/usr/bin/cmake -E cmake_link_script CMakeFiles/cmTryCompileExec4111431507.dir/link.txt --verbose=1
/usr/bin/g++    -msse3 -Wno-unused-local-typedefs -funroll-loops -ffast-math -Wall -Wno-strict-aliasing   -DOpenMP_FLAG_DETECTED -fopenmp    CMakeFiles/cmTryCompileExec4111431507.dir/src.cxx.o  -o cmTryCompileExec4111431507 -rdynamic 
make[1]: Leaving directory `/home/daniel/software/kratos/cmake_build/CMakeFiles/CMakeTmp'

Source file was:

#include <omp.h>
int main() {
#ifdef _OPENMP
  return 0;
#else
  breaks_on_purpose
#endif
}

Compiling the Fortran compiler identification source file "CMakeFortranCompilerId.F" succeeded.
Compiler: /usr/bin/gfortran 
Build flags: 
Id flags: 

The output was:
0


Compilation of the Fortran compiler identification source "CMakeFortranCompilerId.F" produced "a.out"

The Fortran compiler identification is GNU, found in "/home/daniel/software/kratos/cmake_build/CMakeFiles/2.8.12.2/CompilerIdFortran/a.out"

Determining if the Fortran compiler works passed with the following output:
Change Dir: /home/daniel/software/kratos/cmake_build/CMakeFiles/CMakeTmp

Run Build Command:/usr/bin/make "cmTryCompileExec3199711265/fast"
/usr/bin/make -f CMakeFiles/cmTryCompileExec3199711265.dir/build.make CMakeFiles/cmTryCompileExec3199711265.dir/build
make[1]: Entering directory `/home/daniel/software/kratos/cmake_build/CMakeFiles/CMakeTmp'
/usr/bin/cmake -E cmake_progress_report /home/daniel/software/kratos/cmake_build/CMakeFiles/CMakeTmp/CMakeFiles 1
Building Fortran object CMakeFiles/cmTryCompileExec3199711265.dir/testFortranCompiler.f.o
/usr/bin/gfortran    -c /home/daniel/software/kratos/cmake_build/CMakeFiles/CMakeTmp/testFortranCompiler.f -o CMakeFiles/cmTryCompileExec3199711265.dir/testFortranCompiler.f.o
Linking Fortran executable cmTryCompileExec3199711265
/usr/bin/cmake -E cmake_link_script CMakeFiles/cmTryCompileExec3199711265.dir/link.txt --verbose=1
/usr/bin/gfortran       CMakeFiles/cmTryCompileExec3199711265.dir/testFortranCompiler.f.o  -o cmTryCompileExec3199711265 -rdynamic 
make[1]: Leaving directory `/home/daniel/software/kratos/cmake_build/CMakeFiles/CMakeTmp'


Detecting Fortran compiler ABI info compiled with the following output:
Change Dir: /home/daniel/software/kratos/cmake_build/CMakeFiles/CMakeTmp

Run Build Command:/usr/bin/make "cmTryCompileExec2021352067/fast"
/usr/bin/make -f CMakeFiles/cmTryCompileExec2021352067.dir/build.make CMakeFiles/cmTryCompileExec2021352067.dir/build
make[1]: Entering directory `/home/daniel/software/kratos/cmake_build/CMakeFiles/CMakeTmp'
/usr/bin/cmake -E cmake_progress_report /home/daniel/software/kratos/cmake_build/CMakeFiles/CMakeTmp/CMakeFiles 1
Building Fortran object CMakeFiles/cmTryCompileExec2021352067.dir/CMakeFortranCompilerABI.F.o
/usr/bin/gfortran    -c /usr/share/cmake-2.8/Modules/CMakeFortranCompilerABI.F -o CMakeFiles/cmTryCompileExec2021352067.dir/CMakeFortranCompilerABI.F.o
Linking Fortran executable cmTryCompileExec2021352067
/usr/bin/cmake -E cmake_link_script CMakeFiles/cmTryCompileExec2021352067.dir/link.txt --verbose=1
/usr/bin/gfortran   -v   CMakeFiles/cmTryCompileExec2021352067.dir/CMakeFortranCompilerABI.F.o  -o cmTryCompileExec2021352067 -rdynamic  
Driving: /usr/bin/gfortran -v CMakeFiles/cmTryCompileExec2021352067.dir/CMakeFortranCompilerABI.F.o -o cmTryCompileExec2021352067 -rdynamic -l gfortran -l m -shared-libgcc
Using built-in specs.
COLLECT_GCC=/usr/bin/gfortran
COLLECT_LTO_WRAPPER=/usr/lib/gcc/x86_64-linux-gnu/4.8/lto-wrapper
Target: x86_64-linux-gnu
Configured with: ../src/configure -v --with-pkgversion='Ubuntu 4.8.4-2ubuntu1~14.04.1' --with-bugurl=file:///usr/share/doc/gcc-4.8/README.Bugs --enable-languages=c,c++,java,go,d,fortran,objc,obj-c++ --prefix=/usr --program-suffix=-4.8 --enable-shared --enable-linker-build-id --libexecdir=/usr/lib --without-included-gettext --enable-threads=posix --with-gxx-include-dir=/usr/include/c++/4.8 --libdir=/usr/lib --enable-nls --with-sysroot=/ --enable-clocale=gnu --enable-libstdcxx-debug --enable-libstdcxx-time=yes --enable-gnu-unique-object --disable-libmudflap --enable-plugin --with-system-zlib --disable-browser-plugin --enable-java-awt=gtk --enable-gtk-cairo --with-java-home=/usr/lib/jvm/java-1.5.0-gcj-4.8-amd64/jre --enable-java-home --with-jvm-root-dir=/usr/lib/jvm/java-1.5.0-gcj-4.8-amd64 --with-jvm-jar-dir=/usr/lib/jvm-exports/java-1.5.0-gcj-4.8-amd64 --with-arch-directory=amd64 --with-ecj-jar=/usr/share/java/eclipse-ecj.jar --enable-objc-gc --enable-multiarch --disable-werror --with-arch-32=i686 --with-abi=m64 --with-multilib-list=m32,m64,mx32 --with-tune=generic --enable-checking=release --build=x86_64-linux-gnu --host=x86_64-linux-gnu --target=x86_64-linux-gnu
Thread model: posix
gcc version 4.8.4 (Ubuntu 4.8.4-2ubuntu1~14.04.1) 
Reading specs from /usr/lib/gcc/x86_64-linux-gnu/4.8/libgfortran.spec
rename spec lib to liborig
COLLECT_GCC_OPTIONS='-v' '-o' 'cmTryCompileExec2021352067' '-rdynamic' '-shared-libgcc' '-mtune=generic' '-march=x86-64'
COMPILER_PATH=/usr/lib/gcc/x86_64-linux-gnu/4.8/:/usr/lib/gcc/x86_64-linux-gnu/4.8/:/usr/lib/gcc/x86_64-linux-gnu/:/usr/lib/gcc/x86_64-linux-gnu/4.8/:/usr/lib/gcc/x86_64-linux-gnu/
LIBRARY_PATH=/usr/lib/gcc/x86_64-linux-gnu/4.8/:/usr/lib/gcc/x86_64-linux-gnu/4.8/../../../x86_64-linux-gnu/:/usr/lib/gcc/x86_64-linux-gnu/4.8/../../../../lib/:/lib/x86_64-linux-gnu/:/lib/../lib/:/usr/lib/x86_64-linux-gnu/:/usr/lib/../lib/:/usr/lib/gcc/x86_64-linux-gnu/4.8/../../../:/lib/:/usr/lib/
COLLECT_GCC_OPTIONS='-v' '-o' 'cmTryCompileExec2021352067' '-rdynamic' '-shared-libgcc' '-mtune=generic' '-march=x86-64'
 /usr/lib/gcc/x86_64-linux-gnu/4.8/collect2 --sysroot=/ --build-id --eh-frame-hdr -m elf_x86_64 --hash-style=gnu --as-needed -export-dynamic -dynamic-linker /lib64/ld-linux-x86-64.so.2 -z relro -o cmTryCompileExec2021352067 /usr/lib/gcc/x86_64-linux-gnu/4.8/../../../x86_64-linux-gnu/crt1.o /usr/lib/gcc/x86_64-linux-gnu/4.8/../../../x86_64-linux-gnu/crti.o /usr/lib/gcc/x86_64-linux-gnu/4.8/crtbegin.o -L/usr/lib/gcc/x86_64-linux-gnu/4.8 -L/usr/lib/gcc/x86_64-linux-gnu/4.8/../../../x86_64-linux-gnu -L/usr/lib/gcc/x86_64-linux-gnu/4.8/../../../../lib -L/lib/x86_64-linux-gnu -L/lib/../lib -L/usr/lib/x86_64-linux-gnu -L/usr/lib/../lib -L/usr/lib/gcc/x86_64-linux-gnu/4.8/../../.. CMakeFiles/cmTryCompileExec2021352067.dir/CMakeFortranCompilerABI.F.o -lgfortran -lm -lgcc_s -lgcc -lquadmath -lm -lgcc_s -lgcc -lc -lgcc_s -lgcc /usr/lib/gcc/x86_64-linux-gnu/4.8/crtend.o /usr/lib/gcc/x86_64-linux-gnu/4.8/../../../x86_64-linux-gnu/crtn.o
make[1]: Leaving directory `/home/daniel/software/kratos/cmake_build/CMakeFiles/CMakeTmp'


Parsed Fortran implicit link information from above output:
  link line regex: [^( *|.*[/\])(ld|([^/\]+-)?ld|collect2)[^/\]*( |$)]
  ignore line: [Change Dir: /home/daniel/software/kratos/cmake_build/CMakeFiles/CMakeTmp]
  ignore line: []
  ignore line: [Run Build Command:/usr/bin/make "cmTryCompileExec2021352067/fast"]
  ignore line: [/usr/bin/make -f CMakeFiles/cmTryCompileExec2021352067.dir/build.make CMakeFiles/cmTryCompileExec2021352067.dir/build]
  ignore line: [make[1]: Entering directory `/home/daniel/software/kratos/cmake_build/CMakeFiles/CMakeTmp']
  ignore line: [/usr/bin/cmake -E cmake_progress_report /home/daniel/software/kratos/cmake_build/CMakeFiles/CMakeTmp/CMakeFiles 1]
  ignore line: [Building Fortran object CMakeFiles/cmTryCompileExec2021352067.dir/CMakeFortranCompilerABI.F.o]
  ignore line: [/usr/bin/gfortran    -c /usr/share/cmake-2.8/Modules/CMakeFortranCompilerABI.F -o CMakeFiles/cmTryCompileExec2021352067.dir/CMakeFortranCompilerABI.F.o]
  ignore line: [Linking Fortran executable cmTryCompileExec2021352067]
  ignore line: [/usr/bin/cmake -E cmake_link_script CMakeFiles/cmTryCompileExec2021352067.dir/link.txt --verbose=1]
  ignore line: [/usr/bin/gfortran   -v   CMakeFiles/cmTryCompileExec2021352067.dir/CMakeFortranCompilerABI.F.o  -o cmTryCompileExec2021352067 -rdynamic  ]
  ignore line: [Driving: /usr/bin/gfortran -v CMakeFiles/cmTryCompileExec2021352067.dir/CMakeFortranCompilerABI.F.o -o cmTryCompileExec2021352067 -rdynamic -l gfortran -l m -shared-libgcc]
  ignore line: [Using built-in specs.]
  ignore line: [COLLECT_GCC=/usr/bin/gfortran]
  ignore line: [COLLECT_LTO_WRAPPER=/usr/lib/gcc/x86_64-linux-gnu/4.8/lto-wrapper]
  ignore line: [Target: x86_64-linux-gnu]
  ignore line: [Configured with: ../src/configure -v --with-pkgversion='Ubuntu 4.8.4-2ubuntu1~14.04.1' --with-bugurl=file:///usr/share/doc/gcc-4.8/README.Bugs --enable-languages=c,c++,java,go,d,fortran,objc,obj-c++ --prefix=/usr --program-suffix=-4.8 --enable-shared --enable-linker-build-id --libexecdir=/usr/lib --without-included-gettext --enable-threads=posix --with-gxx-include-dir=/usr/include/c++/4.8 --libdir=/usr/lib --enable-nls --with-sysroot=/ --enable-clocale=gnu --enable-libstdcxx-debug --enable-libstdcxx-time=yes --enable-gnu-unique-object --disable-libmudflap --enable-plugin --with-system-zlib --disable-browser-plugin --enable-java-awt=gtk --enable-gtk-cairo --with-java-home=/usr/lib/jvm/java-1.5.0-gcj-4.8-amd64/jre --enable-java-home --with-jvm-root-dir=/usr/lib/jvm/java-1.5.0-gcj-4.8-amd64 --with-jvm-jar-dir=/usr/lib/jvm-exports/java-1.5.0-gcj-4.8-amd64 --with-arch-directory=amd64 --with-ecj-jar=/usr/share/java/eclipse-ecj.jar --enable-objc-gc --enable-multiarch --disable-werror --with-arch-32=i686 --with-abi=m64 --with-multilib-list=m32,m64,mx32 --with-tune=generic --enable-checking=release --build=x86_64-linux-gnu --host=x86_64-linux-gnu --target=x86_64-linux-gnu]
  ignore line: [Thread model: posix]
  ignore line: [gcc version 4.8.4 (Ubuntu 4.8.4-2ubuntu1~14.04.1) ]
  ignore line: [Reading specs from /usr/lib/gcc/x86_64-linux-gnu/4.8/libgfortran.spec]
  ignore line: [rename spec lib to liborig]
  ignore line: [COLLECT_GCC_OPTIONS='-v' '-o' 'cmTryCompileExec2021352067' '-rdynamic' '-shared-libgcc' '-mtune=generic' '-march=x86-64']
  ignore line: [COMPILER_PATH=/usr/lib/gcc/x86_64-linux-gnu/4.8/:/usr/lib/gcc/x86_64-linux-gnu/4.8/:/usr/lib/gcc/x86_64-linux-gnu/:/usr/lib/gcc/x86_64-linux-gnu/4.8/:/usr/lib/gcc/x86_64-linux-gnu/]
  ignore line: [LIBRARY_PATH=/usr/lib/gcc/x86_64-linux-gnu/4.8/:/usr/lib/gcc/x86_64-linux-gnu/4.8/../../../x86_64-linux-gnu/:/usr/lib/gcc/x86_64-linux-gnu/4.8/../../../../lib/:/lib/x86_64-linux-gnu/:/lib/../lib/:/usr/lib/x86_64-linux-gnu/:/usr/lib/../lib/:/usr/lib/gcc/x86_64-linux-gnu/4.8/../../../:/lib/:/usr/lib/]
  ignore line: [COLLECT_GCC_OPTIONS='-v' '-o' 'cmTryCompileExec2021352067' '-rdynamic' '-shared-libgcc' '-mtune=generic' '-march=x86-64']
  link line: [ /usr/lib/gcc/x86_64-linux-gnu/4.8/collect2 --sysroot=/ --build-id --eh-frame-hdr -m elf_x86_64 --hash-style=gnu --as-needed -export-dynamic -dynamic-linker /lib64/ld-linux-x86-64.so.2 -z relro -o cmTryCompileExec2021352067 /usr/lib/gcc/x86_64-linux-gnu/4.8/../../../x86_64-linux-gnu/crt1.o /usr/lib/gcc/x86_64-linux-gnu/4.8/../../../x86_64-linux-gnu/crti.o /usr/lib/gcc/x86_64-linux-gnu/4.8/crtbegin.o -L/usr/lib/gcc/x86_64-linux-gnu/4.8 -L/usr/lib/gcc/x86_64-linux-gnu/4.8/../../../x86_64-linux-gnu -L/usr/lib/gcc/x86_64-linux-gnu/4.8/../../../../lib -L/lib/x86_64-linux-gnu -L/lib/../lib -L/usr/lib/x86_64-linux-gnu -L/usr/lib/../lib -L/usr/lib/gcc/x86_64-linux-gnu/4.8/../../.. CMakeFiles/cmTryCompileExec2021352067.dir/CMakeFortranCompilerABI.F.o -lgfortran -lm -lgcc_s -lgcc -lquadmath -lm -lgcc_s -lgcc -lc -lgcc_s -lgcc /usr/lib/gcc/x86_64-linux-gnu/4.8/crtend.o /usr/lib/gcc/x86_64-linux-gnu/4.8/../../../x86_64-linux-gnu/crtn.o]
    arg [/usr/lib/gcc/x86_64-linux-gnu/4.8/collect2] ==> ignore
    arg [--sysroot=/] ==> ignore
    arg [--build-id] ==> ignore
    arg [--eh-frame-hdr] ==> ignore
    arg [-m] ==> ignore
    arg [elf_x86_64] ==> ignore
    arg [--hash-style=gnu] ==> ignore
    arg [--as-needed] ==> ignore
    arg [-export-dynamic] ==> ignore
    arg [-dynamic-linker] ==> ignore
    arg [/lib64/ld-linux-x86-64.so.2] ==> ignore
    arg [-zrelro] ==> ignore
    arg [-o] ==> ignore
    arg [cmTryCompileExec2021352067] ==> ignore
    arg [/usr/lib/gcc/x86_64-linux-gnu/4.8/../../../x86_64-linux-gnu/crt1.o] ==> ignore
    arg [/usr/lib/gcc/x86_64-linux-gnu/4.8/../../../x86_64-linux-gnu/crti.o] ==> ignore
    arg [/usr/lib/gcc/x86_64-linux-gnu/4.8/crtbegin.o] ==> ignore
    arg [-L/usr/lib/gcc/x86_64-linux-gnu/4.8] ==> dir [/usr/lib/gcc/x86_64-linux-gnu/4.8]
    arg [-L/usr/lib/gcc/x86_64-linux-gnu/4.8/../../../x86_64-linux-gnu] ==> dir [/usr/lib/gcc/x86_64-linux-gnu/4.8/../../../x86_64-linux-gnu]
    arg [-L/usr/lib/gcc/x86_64-linux-gnu/4.8/../../../../lib] ==> dir [/usr/lib/gcc/x86_64-linux-gnu/4.8/../../../../lib]
    arg [-L/lib/x86_64-linux-gnu] ==> dir [/lib/x86_64-linux-gnu]
    arg [-L/lib/../lib] ==> dir [/lib/../lib]
    arg [-L/usr/lib/x86_64-linux-gnu] ==> dir [/usr/lib/x86_64-linux-gnu]
    arg [-L/usr/lib/../lib] ==> dir [/usr/lib/../lib]
    arg [-L/usr/lib/gcc/x86_64-linux-gnu/4.8/../../..] ==> dir [/usr/lib/gcc/x86_64-linux-gnu/4.8/../../..]
    arg [CMakeFiles/cmTryCompileExec2021352067.dir/CMakeFortranCompilerABI.F.o] ==> ignore
    arg [-lgfortran] ==> lib [gfortran]
    arg [-lm] ==> lib [m]
    arg [-lgcc_s] ==> lib [gcc_s]
    arg [-lgcc] ==> lib [gcc]
    arg [-lquadmath] ==> lib [quadmath]
    arg [-lm] ==> lib [m]
    arg [-lgcc_s] ==> lib [gcc_s]
    arg [-lgcc] ==> lib [gcc]
    arg [-lc] ==> lib [c]
    arg [-lgcc_s] ==> lib [gcc_s]
    arg [-lgcc] ==> lib [gcc]
    arg [/usr/lib/gcc/x86_64-linux-gnu/4.8/crtend.o] ==> ignore
    arg [/usr/lib/gcc/x86_64-linux-gnu/4.8/../../../x86_64-linux-gnu/crtn.o] ==> ignore
  remove lib [gcc_s]
  remove lib [gcc]
  remove lib [gcc_s]
  remove lib [gcc]
  remove lib [gcc_s]
  remove lib [gcc]
  collapse library dir [/usr/lib/gcc/x86_64-linux-gnu/4.8] ==> [/usr/lib/gcc/x86_64-linux-gnu/4.8]
  collapse library dir [/usr/lib/gcc/x86_64-linux-gnu/4.8/../../../x86_64-linux-gnu] ==> [/usr/lib/x86_64-linux-gnu]
  collapse library dir [/usr/lib/gcc/x86_64-linux-gnu/4.8/../../../../lib] ==> [/usr/lib]
  collapse library dir [/lib/x86_64-linux-gnu] ==> [/lib/x86_64-linux-gnu]
  collapse library dir [/lib/../lib] ==> [/lib]
  collapse library dir [/usr/lib/x86_64-linux-gnu] ==> [/usr/lib/x86_64-linux-gnu]
  collapse library dir [/usr/lib/../lib] ==> [/usr/lib]
  collapse library dir [/usr/lib/gcc/x86_64-linux-gnu/4.8/../../..] ==> [/usr/lib]
  implicit libs: [gfortran;m;quadmath;m;c]
  implicit dirs: [/usr/lib/gcc/x86_64-linux-gnu/4.8;/usr/lib/x86_64-linux-gnu;/usr/lib;/lib/x86_64-linux-gnu;/lib]
  implicit fwks: []


Determining if the Fortran compiler supports Fortran 90 passed with the following output:
Change Dir: /home/daniel/software/kratos/cmake_build/CMakeFiles/CMakeTmp

Run Build Command:/usr/bin/make "cmTryCompileExec3591672352/fast"
/usr/bin/make -f CMakeFiles/cmTryCompileExec3591672352.dir/build.make CMakeFiles/cmTryCompileExec3591672352.dir/build
make[1]: Entering directory `/home/daniel/software/kratos/cmake_build/CMakeFiles/CMakeTmp'
/usr/bin/cmake -E cmake_progress_report /home/daniel/software/kratos/cmake_build/CMakeFiles/CMakeTmp/CMakeFiles 1
Building Fortran object CMakeFiles/cmTryCompileExec3591672352.dir/testFortranCompilerF90.f90.o
/usr/bin/gfortran    -c /home/daniel/software/kratos/cmake_build/CMakeFiles/CMakeTmp/testFortranCompilerF90.f90 -o CMakeFiles/cmTryCompileExec3591672352.dir/testFortranCompilerF90.f90.o
Linking Fortran executable cmTryCompileExec3591672352
/usr/bin/cmake -E cmake_link_script CMakeFiles/cmTryCompileExec3591672352.dir/link.txt --verbose=1
/usr/bin/gfortran       CMakeFiles/cmTryCompileExec3591672352.dir/testFortranCompilerF90.f90.o  -o cmTryCompileExec3591672352 -rdynamic 
make[1]: Leaving directory `/home/daniel/software/kratos/cmake_build/CMakeFiles/CMakeTmp'


Determining if the Fortran sgemm exists passed with the following output:
Change Dir: /home/daniel/software/kratos/cmake_build/CMakeFiles/CMakeTmp

Run Build Command:/usr/bin/make "cmTryCompileExec3784183846/fast"
/usr/bin/make -f CMakeFiles/cmTryCompileExec3784183846.dir/build.make CMakeFiles/cmTryCompileExec3784183846.dir/build
make[1]: Entering directory `/home/daniel/software/kratos/cmake_build/CMakeFiles/CMakeTmp'
/usr/bin/cmake -E cmake_progress_report /home/daniel/software/kratos/cmake_build/CMakeFiles/CMakeTmp/CMakeFiles 1
Building Fortran object CMakeFiles/cmTryCompileExec3784183846.dir/testFortranCompiler.f.o
/usr/bin/gfortran    -c /home/daniel/software/kratos/cmake_build/CMakeFiles/CMakeTmp/testFortranCompiler.f -o CMakeFiles/cmTryCompileExec3784183846.dir/testFortranCompiler.f.o
Linking Fortran executable cmTryCompileExec3784183846
/usr/bin/cmake -E cmake_link_script CMakeFiles/cmTryCompileExec3784183846.dir/link.txt --verbose=1
/usr/bin/gfortran       CMakeFiles/cmTryCompileExec3784183846.dir/testFortranCompiler.f.o  -o cmTryCompileExec3784183846 -rdynamic /usr/lib/libblas.so 
make[1]: Leaving directory `/home/daniel/software/kratos/cmake_build/CMakeFiles/CMakeTmp'


Determining if files pthread.h exist passed with the following output:
Change Dir: /home/daniel/software/kratos/cmake_build/CMakeFiles/CMakeTmp

Run Build Command:/usr/bin/make "cmTryCompileExec2429257422/fast"
/usr/bin/make -f CMakeFiles/cmTryCompileExec2429257422.dir/build.make CMakeFiles/cmTryCompileExec2429257422.dir/build
make[1]: Entering directory `/home/daniel/software/kratos/cmake_build/CMakeFiles/CMakeTmp'
/usr/bin/cmake -E cmake_progress_report /home/daniel/software/kratos/cmake_build/CMakeFiles/CMakeTmp/CMakeFiles 1
Building C object CMakeFiles/cmTryCompileExec2429257422.dir/CheckIncludeFiles.c.o
/usr/bin/gcc   -msse3 -Wno-unused-local-typedefs -funroll-loops -ffast-math -Wall -Wno-strict-aliasing  -fopenmp    -o CMakeFiles/cmTryCompileExec2429257422.dir/CheckIncludeFiles.c.o   -c /home/daniel/software/kratos/cmake_build/CMakeFiles/CMakeTmp/CheckIncludeFiles.c
Linking C executable cmTryCompileExec2429257422
/usr/bin/cmake -E cmake_link_script CMakeFiles/cmTryCompileExec2429257422.dir/link.txt --verbose=1
/usr/bin/gcc   -msse3 -Wno-unused-local-typedefs -funroll-loops -ffast-math -Wall -Wno-strict-aliasing  -fopenmp     CMakeFiles/cmTryCompileExec2429257422.dir/CheckIncludeFiles.c.o  -o cmTryCompileExec2429257422 -rdynamic 
make[1]: Leaving directory `/home/daniel/software/kratos/cmake_build/CMakeFiles/CMakeTmp'


Determining if the pthread_create exist passed with the following output:
Change Dir: /home/daniel/software/kratos/cmake_build/CMakeFiles/CMakeTmp

Run Build Command:/usr/bin/make "cmTryCompileExec597764107/fast"
/usr/bin/make -f CMakeFiles/cmTryCompileExec597764107.dir/build.make CMakeFiles/cmTryCompileExec597764107.dir/build
make[1]: Entering directory `/home/daniel/software/kratos/cmake_build/CMakeFiles/CMakeTmp'
/usr/bin/cmake -E cmake_progress_report /home/daniel/software/kratos/cmake_build/CMakeFiles/CMakeTmp/CMakeFiles 1
Building C object CMakeFiles/cmTryCompileExec597764107.dir/CheckSymbolExists.c.o
/usr/bin/gcc   -msse3 -Wno-unused-local-typedefs -funroll-loops -ffast-math -Wall -Wno-strict-aliasing  -fopenmp    -o CMakeFiles/cmTryCompileExec597764107.dir/CheckSymbolExists.c.o   -c /home/daniel/software/kratos/cmake_build/CMakeFiles/CMakeTmp/CheckSymbolExists.c
Linking C executable cmTryCompileExec597764107
/usr/bin/cmake -E cmake_link_script CMakeFiles/cmTryCompileExec597764107.dir/link.txt --verbose=1
/usr/bin/gcc   -msse3 -Wno-unused-local-typedefs -funroll-loops -ffast-math -Wall -Wno-strict-aliasing  -fopenmp     CMakeFiles/cmTryCompileExec597764107.dir/CheckSymbolExists.c.o  -o cmTryCompileExec597764107 -rdynamic 
make[1]: Leaving directory `/home/daniel/software/kratos/cmake_build/CMakeFiles/CMakeTmp'

File /home/daniel/software/kratos/cmake_build/CMakeFiles/CMakeTmp/CheckSymbolExists.c:
/* */
#include <pthread.h>

int main(int argc, char** argv)
{
  (void)argv;
#ifndef pthread_create
  return ((int*)(&pthread_create))[argc];
#else
  (void)argc;
  return 0;
#endif
}

Determining if the Fortran cheev exists passed with the following output:
Change Dir: /home/daniel/software/kratos/cmake_build/CMakeFiles/CMakeTmp

Run Build Command:/usr/bin/make "cmTryCompileExec3118034832/fast"
/usr/bin/make -f CMakeFiles/cmTryCompileExec3118034832.dir/build.make CMakeFiles/cmTryCompileExec3118034832.dir/build
make[1]: Entering directory `/home/daniel/software/kratos/cmake_build/CMakeFiles/CMakeTmp'
/usr/bin/cmake -E cmake_progress_report /home/daniel/software/kratos/cmake_build/CMakeFiles/CMakeTmp/CMakeFiles 1
Building Fortran object CMakeFiles/cmTryCompileExec3118034832.dir/testFortranCompiler.f.o
/usr/bin/gfortran    -c /home/daniel/software/kratos/cmake_build/CMakeFiles/CMakeTmp/testFortranCompiler.f -o CMakeFiles/cmTryCompileExec3118034832.dir/testFortranCompiler.f.o
Linking Fortran executable cmTryCompileExec3118034832
/usr/bin/cmake -E cmake_link_script CMakeFiles/cmTryCompileExec3118034832.dir/link.txt --verbose=1
/usr/bin/gfortran       CMakeFiles/cmTryCompileExec3118034832.dir/testFortranCompiler.f.o  -o cmTryCompileExec3118034832 -rdynamic /usr/lib/liblapack.so /usr/lib/libblas/libblas.so.3.0 
make[1]: Leaving directory `/home/daniel/software/kratos/cmake_build/CMakeFiles/CMakeTmp'


Determining if the include file sys/types.h exists passed with the following output:
Change Dir: /home/daniel/software/kratos/cmake_build/CMakeFiles/CMakeTmp

Run Build Command:/usr/bin/make "cmTryCompileExec3455979451/fast"
/usr/bin/make -f CMakeFiles/cmTryCompileExec3455979451.dir/build.make CMakeFiles/cmTryCompileExec3455979451.dir/build
make[1]: Entering directory `/home/daniel/software/kratos/cmake_build/CMakeFiles/CMakeTmp'
/usr/bin/cmake -E cmake_progress_report /home/daniel/software/kratos/cmake_build/CMakeFiles/CMakeTmp/CMakeFiles 1
Building C object CMakeFiles/cmTryCompileExec3455979451.dir/CheckIncludeFile.c.o
/usr/bin/gcc   -msse3 -Wno-unused-local-typedefs -funroll-loops -ffast-math -Wall -Wno-strict-aliasing  -fopenmp    -o CMakeFiles/cmTryCompileExec3455979451.dir/CheckIncludeFile.c.o   -c /home/daniel/software/kratos/cmake_build/CMakeFiles/CMakeTmp/CheckIncludeFile.c
Linking C executable cmTryCompileExec3455979451
/usr/bin/cmake -E cmake_link_script CMakeFiles/cmTryCompileExec3455979451.dir/link.txt --verbose=1
/usr/bin/gcc   -msse3 -Wno-unused-local-typedefs -funroll-loops -ffast-math -Wall -Wno-strict-aliasing  -fopenmp     CMakeFiles/cmTryCompileExec3455979451.dir/CheckIncludeFile.c.o  -o cmTryCompileExec3455979451 -rdynamic 
make[1]: Leaving directory `/home/daniel/software/kratos/cmake_build/CMakeFiles/CMakeTmp'


Determining if the include file stdint.h exists passed with the following output:
Change Dir: /home/daniel/software/kratos/cmake_build/CMakeFiles/CMakeTmp

Run Build Command:/usr/bin/make "cmTryCompileExec1272947425/fast"
/usr/bin/make -f CMakeFiles/cmTryCompileExec1272947425.dir/build.make CMakeFiles/cmTryCompileExec1272947425.dir/build
make[1]: Entering directory `/home/daniel/software/kratos/cmake_build/CMakeFiles/CMakeTmp'
/usr/bin/cmake -E cmake_progress_report /home/daniel/software/kratos/cmake_build/CMakeFiles/CMakeTmp/CMakeFiles 1
Building C object CMakeFiles/cmTryCompileExec1272947425.dir/CheckIncludeFile.c.o
/usr/bin/gcc   -msse3 -Wno-unused-local-typedefs -funroll-loops -ffast-math -Wall -Wno-strict-aliasing  -fopenmp    -o CMakeFiles/cmTryCompileExec1272947425.dir/CheckIncludeFile.c.o   -c /home/daniel/software/kratos/cmake_build/CMakeFiles/CMakeTmp/CheckIncludeFile.c
Linking C executable cmTryCompileExec1272947425
/usr/bin/cmake -E cmake_link_script CMakeFiles/cmTryCompileExec1272947425.dir/link.txt --verbose=1
/usr/bin/gcc   -msse3 -Wno-unused-local-typedefs -funroll-loops -ffast-math -Wall -Wno-strict-aliasing  -fopenmp     CMakeFiles/cmTryCompileExec1272947425.dir/CheckIncludeFile.c.o  -o cmTryCompileExec1272947425 -rdynamic 
make[1]: Leaving directory `/home/daniel/software/kratos/cmake_build/CMakeFiles/CMakeTmp'


Determining if the include file stddef.h exists passed with the following output:
Change Dir: /home/daniel/software/kratos/cmake_build/CMakeFiles/CMakeTmp

Run Build Command:/usr/bin/make "cmTryCompileExec3484305105/fast"
/usr/bin/make -f CMakeFiles/cmTryCompileExec3484305105.dir/build.make CMakeFiles/cmTryCompileExec3484305105.dir/build
make[1]: Entering directory `/home/daniel/software/kratos/cmake_build/CMakeFiles/CMakeTmp'
/usr/bin/cmake -E cmake_progress_report /home/daniel/software/kratos/cmake_build/CMakeFiles/CMakeTmp/CMakeFiles 1
Building C object CMakeFiles/cmTryCompileExec3484305105.dir/CheckIncludeFile.c.o
/usr/bin/gcc   -msse3 -Wno-unused-local-typedefs -funroll-loops -ffast-math -Wall -Wno-strict-aliasing  -fopenmp    -o CMakeFiles/cmTryCompileExec3484305105.dir/CheckIncludeFile.c.o   -c /home/daniel/software/kratos/cmake_build/CMakeFiles/CMakeTmp/CheckIncludeFile.c
Linking C executable cmTryCompileExec3484305105
/usr/bin/cmake -E cmake_link_script CMakeFiles/cmTryCompileExec3484305105.dir/link.txt --verbose=1
/usr/bin/gcc   -msse3 -Wno-unused-local-typedefs -funroll-loops -ffast-math -Wall -Wno-strict-aliasing  -fopenmp     CMakeFiles/cmTryCompileExec3484305105.dir/CheckIncludeFile.c.o  -o cmTryCompileExec3484305105 -rdynamic 
make[1]: Leaving directory `/home/daniel/software/kratos/cmake_build/CMakeFiles/CMakeTmp'


Determining size of off64_t passed with the following output:
Change Dir: /home/daniel/software/kratos/cmake_build/CMakeFiles/CMakeTmp

Run Build Command:/usr/bin/make "cmTryCompileExec1451710018/fast"
/usr/bin/make -f CMakeFiles/cmTryCompileExec1451710018.dir/build.make CMakeFiles/cmTryCompileExec1451710018.dir/build
make[1]: Entering directory `/home/daniel/software/kratos/cmake_build/CMakeFiles/CMakeTmp'
/usr/bin/cmake -E cmake_progress_report /home/daniel/software/kratos/cmake_build/CMakeFiles/CMakeTmp/CMakeFiles 1
Building C object CMakeFiles/cmTryCompileExec1451710018.dir/OFF64_T.c.o
/usr/bin/gcc  -DHAVE_STDDEF_H -DHAVE_STDINT_H -DHAVE_SYS_TYPES_H -D_LARGEFILE64_SOURCE=1 -msse3 -Wno-unused-local-typedefs -funroll-loops -ffast-math -Wall -Wno-strict-aliasing  -fopenmp    -o CMakeFiles/cmTryCompileExec1451710018.dir/OFF64_T.c.o   -c /home/daniel/software/kratos/cmake_build/CMakeFiles/CheckTypeSize/OFF64_T.c
Linking C executable cmTryCompileExec1451710018
/usr/bin/cmake -E cmake_link_script CMakeFiles/cmTryCompileExec1451710018.dir/link.txt --verbose=1
/usr/bin/gcc   -msse3 -Wno-unused-local-typedefs -funroll-loops -ffast-math -Wall -Wno-strict-aliasing  -fopenmp     CMakeFiles/cmTryCompileExec1451710018.dir/OFF64_T.c.o  -o cmTryCompileExec1451710018 -rdynamic 
make[1]: Leaving directory `/home/daniel/software/kratos/cmake_build/CMakeFiles/CMakeTmp'


Determining if the function fseeko exists passed with the following output:
Change Dir: /home/daniel/software/kratos/cmake_build/CMakeFiles/CMakeTmp

Run Build Command:/usr/bin/make "cmTryCompileExec4278595267/fast"
/usr/bin/make -f CMakeFiles/cmTryCompileExec4278595267.dir/build.make CMakeFiles/cmTryCompileExec4278595267.dir/build
make[1]: Entering directory `/home/daniel/software/kratos/cmake_build/CMakeFiles/CMakeTmp'
/usr/bin/cmake -E cmake_progress_report /home/daniel/software/kratos/cmake_build/CMakeFiles/CMakeTmp/CMakeFiles 1
Building C object CMakeFiles/cmTryCompileExec4278595267.dir/CheckFunctionExists.c.o
/usr/bin/gcc   -msse3 -Wno-unused-local-typedefs -funroll-loops -ffast-math -Wall -Wno-strict-aliasing  -fopenmp -DCHECK_FUNCTION_EXISTS=fseeko   -o CMakeFiles/cmTryCompileExec4278595267.dir/CheckFunctionExists.c.o   -c /usr/share/cmake-2.8/Modules/CheckFunctionExists.c
Linking C executable cmTryCompileExec4278595267
/usr/bin/cmake -E cmake_link_script CMakeFiles/cmTryCompileExec4278595267.dir/link.txt --verbose=1
/usr/bin/gcc   -msse3 -Wno-unused-local-typedefs -funroll-loops -ffast-math -Wall -Wno-strict-aliasing  -fopenmp -DCHECK_FUNCTION_EXISTS=fseeko    CMakeFiles/cmTryCompileExec4278595267.dir/CheckFunctionExists.c.o  -o cmTryCompileExec4278595267 -rdynamic 
make[1]: Leaving directory `/home/daniel/software/kratos/cmake_build/CMakeFiles/CMakeTmp'


Determining if the include file unistd.h exists passed with the following output:
Change Dir: /home/daniel/software/kratos/cmake_build/CMakeFiles/CMakeTmp

Run Build Command:/usr/bin/make "cmTryCompileExec3001265369/fast"
/usr/bin/make -f CMakeFiles/cmTryCompileExec3001265369.dir/build.make CMakeFiles/cmTryCompileExec3001265369.dir/build
make[1]: Entering directory `/home/daniel/software/kratos/cmake_build/CMakeFiles/CMakeTmp'
/usr/bin/cmake -E cmake_progress_report /home/daniel/software/kratos/cmake_build/CMakeFiles/CMakeTmp/CMakeFiles 1
Building C object CMakeFiles/cmTryCompileExec3001265369.dir/CheckIncludeFile.c.o
/usr/bin/gcc   -msse3 -Wno-unused-local-typedefs -funroll-loops -ffast-math -Wall -Wno-strict-aliasing  -fopenmp    -o CMakeFiles/cmTryCompileExec3001265369.dir/CheckIncludeFile.c.o   -c /home/daniel/software/kratos/cmake_build/CMakeFiles/CMakeTmp/CheckIncludeFile.c
Linking C executable cmTryCompileExec3001265369
/usr/bin/cmake -E cmake_link_script CMakeFiles/cmTryCompileExec3001265369.dir/link.txt --verbose=1
/usr/bin/gcc   -msse3 -Wno-unused-local-typedefs -funroll-loops -ffast-math -Wall -Wno-strict-aliasing  -fopenmp     CMakeFiles/cmTryCompileExec3001265369.dir/CheckIncludeFile.c.o  -o cmTryCompileExec3001265369 -rdynamic 
make[1]: Leaving directory `/home/daniel/software/kratos/cmake_build/CMakeFiles/CMakeTmp'


