Looking at Module: libsession.so
/build/buildd/gtk+2.0-2.20.1/gtk/gtkstyle.c:1788: widget class `GtkImage' has no property named `x-ayatana-indicator-dynamic'
Using user icon for 'Sesión de invitado' from file: (null)
Using user icon for 'hibber campos' from file: /home/hcampos/.face
/build/buildd/gtk+2.0-2.20.1/gtk/gtkstyle.c:1788: widget class `GtkImage' has no property named `x-ayatana-indicator-dynamic'
id_prop_update: assertion `priv->root != NULL' failed
loading avatar from file /home/paolo/.face
/build/buildd/gtk+2.0-2.20.1/gtk/gtkstyle.c:1788: widget class `GtkImage' has no property named `x-ayatana-indicator-dynamic'
/build/buildd/gtk+2.0-2.20.1/gtk/gtkstyle.c:1788: widget class `GtkImage' has no property named `x-ayatana-indicator-dynamic'
/build/buildd/gtk+2.0-2.20.1/gtk/gtkstyle.c:1788: widget class `GtkImage' has no property named `x-ayatana-indicator-dynamic'
/build/buildd/gtk+2.0-2.20.1/gtk/gtkstyle.c:1788: widget class `GtkImage' has no property named `x-ayatana-indicator-dynamic'
/build/buildd/gtk+2.0-2.20.1/gtk/gtkstyle.c:1788: widget class `GtkImage' has no property named `x-ayatana-indicator-dynamic'
/build/buildd/gtk+2.0-2.20.1/gtk/gtkstyle.c:1788: widget class `GtkImage' has no property named `x-ayatana-indicator-dynamic'
/build/buildd/gtk+2.0-2.20.1/gtk/gtkstyle.c:1788: widget class `GtkImage' has no property named `x-ayatana-indicator-dynamic'
/build/buildd/gtk+2.0-2.20.1/gtk/gtkstyle.c:1788: widget class `GtkImage' has no property named `x-ayatana-indicator-dynamic'
/build/buildd/gtk+2.0-2.20.1/gtk/gtkstyle.c:1788: widget class `GtkImage' has no property named `x-ayatana-indicator-dynamic'
/build/buildd/gtk+2.0-2.20.1/gtk/gtkstyle.c:1788: widget class `GtkImage' has no property named `x-ayatana-indicator-dynamic'
/build/buildd/gtk+2.0-2.20.1/gtk/gtkstyle.c:1788: widget class `GtkImage' has no property named `x-ayatana-indicator-dynamic'
/build/buildd/gtk+2.0-2.20.1/gtk/gtkstyle.c:1788: widget class `GtkImage' has no property named `x-ayatana-indicator-dynamic'
/build/buildd/gtk+2.0-2.20.1/gtk/gtkstyle.c:1788: widget class `GtkImage' has no property named `x-ayatana-indicator-dynamic'
/build/buildd/gtk+2.0-2.20.1/gtk/gtkstyle.c:1788: widget class `GtkImage' has no property named `x-ayatana-indicator-dynamic'
/build/buildd/gtk+2.0-2.20.1/gtk/gtkstyle.c:1788: widget class `GtkImage' has no property named `x-ayatana-indicator-dynamic'
/build/buildd/gtk+2.0-2.20.1/gtk/gtkstyle.c:1788: widget class `GtkImage' has no property named `x-ayatana-indicator-dynamic'
